<?xml version="1.0" encoding="UTF-8"?>
<!-- Generated by org.testng.reporters.JUnitXMLReporter -->
<testsuite hostname="Vitalys-MacBook-Pro.local" ignored="0" tests="4" failures="0" timestamp="2019-12-15T16:06:58 EET" time="62.589" errors="0">
  <testcase name="basePageNavigation" time="26.594" classname="HomePage"/>
  <testcase name="basePageNavigation" time="17.617" classname="HomePage"/>
  <testcase name="verifyNavigationBar" time="0.31" classname="VerifyNavigationBar"/>
  <testcase name="validateAppTitle" time="0.365" classname="VerifyTitle"/>
</testsuite>
