<?xml version="1.0" encoding="UTF-8"?>
<!-- Generated by org.testng.reporters.JUnitXMLReporter -->
<testsuite hostname="Vitalys-MacBook-Pro.local" ignored="0" tests="5" failures="0" timestamp="2019-12-18T16:41:36 EET" time="17.337" errors="0">
  <testcase name="validateAppTitle" time="0.031" classname="VerifyTitle"/>
  <testcase name="validateHeader" time="0.028" classname="VerifyTitle"/>
  <testcase name="verifyNavigationBar" time="0.135" classname="VerifyNavigationBar"/>
  <testcase name="basePageNavigation" time="11.445" classname="HomePage"/>
  <testcase name="basePageNavigation" time="4.021" classname="HomePage"/>
</testsuite>
