<?xml version="1.0" encoding="UTF-8"?>
<!-- Generated by org.testng.reporters.JUnitXMLReporter -->
<testsuite hostname="Vitalys-MacBook-Pro.local" ignored="0" tests="2" failures="1" timestamp="2019-12-18T16:20:31 EET" time="9.215" errors="0">
  <testcase name="validateAppTitle" time="0.025" classname="VerifyTitle"/>
  <testcase name="validateHeader" time="0.022" classname="VerifyTitle">
    <failure type="java.lang.AssertionError" message="expected [An Academy to learn Everything about Testing] but found [AN ACADEMY TO LEARN EVERYTHING ABOUT TESTING]">
      <![CDATA[java.lang.AssertionError: expected [An Academy to learn Everything about Testing] but found [AN ACADEMY TO LEARN EVERYTHING ABOUT TESTING]
at VerifyTitle.validateHeader(VerifyTitle.java:36)
at java.util.ArrayList.forEach(ArrayList.java:1257)
... Removed 36 stack frames]]>
    </failure>
  </testcase> <!-- validateHeader -->
</testsuite>
